210720194725.331 INFO 'ansible_navigator.setup_logger' New ansible-navigator instance, logging initialized
210720194725.332 INFO 'ansible_navigator.setup_logger' New ansible-runner instance, logging initialized
210720194725.332 DEBUG 'ansible_navigator.main' Share directory '/usr/local/lib/python3.6/site-packages/share/ansible_navigator' not found (development path)
210720194725.332 DEBUG 'ansible_navigator.main' Share directory '/home/sgallego/.local/share/ansible_navigator' not found (userbase)
210720194725.332 DEBUG 'ansible_navigator.main' Share directory '/usr/share/ansible_navigator' not found (sys.prefix)
210720194725.332 DEBUG 'ansible_navigator.main' Share directory '/usr/share/ansible_navigator' not found (datarootdir)
210720194725.332 DEBUG 'ansible_navigator.main' Share directory '/usr/share/ansible_navigator' not found (datadir)
210720194725.332 DEBUG 'ansible_navigator.main' Share directory '/usr/local/share/ansible_navigator' found (prefix)
210720194725.332 DEBUG 'ansible_navigator.main' Default collection_doc_cache_path set to: /home/sgallego/.cache/ansible-navigator/collection_doc_cache.db
210720194725.332 DEBUG 'ansible_navigator.main' EDITOR environment variable not set
210720194725.332 DEBUG 'ansible_navigator.main' Default editor_command set to: vi +{line_number} {filename}
210720194725.332 DEBUG 'ansible_navigator.main' No config file set by ANSIBLE_NAVIGATOR_CONFIG
210720194725.332 DEBUG 'ansible_navigator.main' Looking in /home/sgallego
210720194725.332 DEBUG 'ansible_navigator.main' Looking for '/home/sgallego/.ansible-navigator.yml', '/home/sgallego/.ansible-navigator.yaml' and '/home/sgallego/.ansible-navigator.json'
210720194725.333 DEBUG 'ansible_navigator.main' Found 0: 
210720194725.333 DEBUG 'ansible_navigator.main' Looking in /home/sgallego/Desktop/RHTI
210720194725.333 DEBUG 'ansible_navigator.main' Looking for '/home/sgallego/Desktop/RHTI/ansible-navigator.yml', '/home/sgallego/Desktop/RHTI/ansible-navigator.yaml' and '/home/sgallego/Desktop/RHTI/ansible-navigator.json'
210720194725.333 DEBUG 'ansible_navigator.main' Found 0: 
210720194725.333 DEBUG 'ansible_navigator.main' All found 0: 
210720194725.333 DEBUG 'ansible_navigator.main' Using: None
210720194725.333 DEBUG 'ansible_navigator.main' No valid settings file found, using all default values for settings.
210720194725.333 DEBUG 'ansible_navigator.main' Command provided: 'collections redhat.satellite'
210720194725.333 DEBUG 'ansible_navigator.main' Completed post processing for ansible_runner_artifact_dir. (changed=False)
210720194725.333 DEBUG 'ansible_navigator.main' Completed post processing for ansible_runner_rotate_artifacts_count. (changed=False)
210720194725.333 DEBUG 'ansible_navigator.main' Completed post processing for ansible_runner_timeout. (changed=False)
210720194725.333 DEBUG 'ansible_navigator.main' Completed post processing for cmdline. (changed=False)
210720194725.333 DEBUG 'ansible_navigator.main' Completed post processing for collection_doc_cache_path. (changed=False)
210720194725.333 DEBUG 'ansible_navigator.main' Completed post processing for container_engine. (changed=False)
210720194725.333 DEBUG 'ansible_navigator.main' Completed post processing for display_color. (changed=False)
210720194725.333 DEBUG 'ansible_navigator.main' Completed post processing for editor_console. (changed=False)
210720194725.334 DEBUG 'ansible_navigator.main' Completed post processing for execution_environment. (changed=False)
210720194725.334 DEBUG 'ansible_navigator.main' Completed post processing for execution_environment_image. (changed=False)
210720194725.334 DEBUG 'ansible_navigator.main' Completed post processing for execution_environment_volume_mounts. (changed=False)
210720194725.334 DEBUG 'ansible_navigator.main' Completed post processing for help_config. (changed=False)
210720194725.334 DEBUG 'ansible_navigator.main' Completed post processing for help_doc. (changed=False)
210720194725.334 DEBUG 'ansible_navigator.main' Completed post processing for help_inventory. (changed=False)
210720194725.334 DEBUG 'ansible_navigator.main' Completed post processing for help_playbook. (changed=False)
210720194725.334 DEBUG 'ansible_navigator.main' Completed post processing for inventory. (changed=False)
210720194725.334 DEBUG 'ansible_navigator.main' Completed post processing for inventory_column. (changed=False)
210720194725.334 DEBUG 'ansible_navigator.main' Completed post processing for log_append. (changed=False)
210720194725.334 DEBUG 'ansible_navigator.main' Completed post processing for log_file. (changed=False)
210720194725.334 DEBUG 'ansible_navigator.main' Completed post processing for mode. (changed=False)
210720194725.334 DEBUG 'ansible_navigator.main' Completed post processing for osc4. (changed=False)
210720194725.334 DEBUG 'ansible_navigator.main' Completed post processing for pass_environment_variable. (changed=False)
210720194725.334 DEBUG 'ansible_navigator.main' Completed post processing for playbook. (changed=False)
210720194725.335 DEBUG 'ansible_navigator.main' Completed post processing for playbook_artifact_enable. (changed=False)
210720194725.335 DEBUG 'ansible_navigator.main' Completed post processing for playbook_artifact_replay. (changed=False)
210720194725.335 DEBUG 'ansible_navigator.main' Completed post processing for plugin_name. (changed=False)
210720194725.335 DEBUG 'ansible_navigator.main' Completed post processing for set_environment_variable. (changed=False)
210720194725.335 WARNING 'ansible_navigator.main' Configuration errors encountered, rolling back to previous configuration.
210720194725.335 DEBUG 'ansible_navigator.main' Prior to rollback: ansible_runner_artifact_dir = 'Constants.NOT_SET' (Constants/value has not been set)
210720194725.335 DEBUG 'ansible_navigator.main' Prior to rollback: ansible_runner_rotate_artifacts_count = 'Constants.NOT_SET' (Constants/value has not been set)
210720194725.335 DEBUG 'ansible_navigator.main' Prior to rollback: ansible_runner_timeout = 'Constants.NOT_SET' (Constants/value has not been set)
210720194725.335 DEBUG 'ansible_navigator.main' Prior to rollback: app = 'collections' (str/cli parameters)
210720194725.335 DEBUG 'ansible_navigator.main' Prior to rollback: cmdline = '['redhat.satellite']' (list/cli parameters)
210720194725.335 DEBUG 'ansible_navigator.main' Prior to rollback: collection_doc_cache_path = '/home/sgallego/.cache/ansible-navigator/collection_doc_cache.db' (str/default configuration value)
210720194725.335 DEBUG 'ansible_navigator.main' Prior to rollback: config = 'Constants.NOT_SET' (Constants/value has not been set)
210720194725.335 DEBUG 'ansible_navigator.main' Prior to rollback: container_engine = 'auto' (str/default configuration value)
210720194725.335 DEBUG 'ansible_navigator.main' Prior to rollback: display_color = 'True' (bool/default configuration value)
210720194725.336 DEBUG 'ansible_navigator.main' Prior to rollback: editor_command = 'vi +{line_number} {filename}' (str/default configuration value)
210720194725.336 DEBUG 'ansible_navigator.main' Prior to rollback: editor_console = 'True' (bool/default configuration value)
210720194725.336 DEBUG 'ansible_navigator.main' Prior to rollback: execution_environment = 'True' (bool/default configuration value)
210720194725.336 DEBUG 'ansible_navigator.main' Prior to rollback: execution_environment_image = 'quay.io/ansible/ansible-navigator-demo-ee:0.4.0' (str/default configuration value)
210720194725.336 DEBUG 'ansible_navigator.main' Prior to rollback: execution_environment_volume_mounts = 'Constants.NOT_SET' (Constants/value has not been set)
210720194725.336 DEBUG 'ansible_navigator.main' Prior to rollback: help_config = 'False' (bool/default configuration value)
210720194725.336 DEBUG 'ansible_navigator.main' Prior to rollback: help_doc = 'False' (bool/default configuration value)
210720194725.336 DEBUG 'ansible_navigator.main' Prior to rollback: help_inventory = 'False' (bool/default configuration value)
210720194725.336 DEBUG 'ansible_navigator.main' Prior to rollback: help_playbook = 'False' (bool/default configuration value)
210720194725.336 DEBUG 'ansible_navigator.main' Prior to rollback: inventory = 'Constants.NOT_SET' (Constants/value has not been set)
210720194725.336 DEBUG 'ansible_navigator.main' Prior to rollback: inventory_column = 'Constants.NOT_SET' (Constants/value has not been set)
210720194725.336 DEBUG 'ansible_navigator.main' Prior to rollback: log_append = 'True' (bool/default configuration value)
210720194725.336 DEBUG 'ansible_navigator.main' Prior to rollback: log_file = '/home/sgallego/Desktop/RHTI/ansible-navigator.log' (str/default configuration value)
210720194725.337 DEBUG 'ansible_navigator.main' Prior to rollback: log_level = 'warning' (str/default configuration value)
210720194725.337 DEBUG 'ansible_navigator.main' Prior to rollback: mode = 'interactive' (str/default configuration value)
210720194725.337 DEBUG 'ansible_navigator.main' Prior to rollback: osc4 = 'True' (bool/default configuration value)
210720194725.337 DEBUG 'ansible_navigator.main' Prior to rollback: pass_environment_variable = 'Constants.NOT_SET' (Constants/value has not been set)
210720194725.337 DEBUG 'ansible_navigator.main' Prior to rollback: playbook = 'Constants.NOT_SET' (Constants/value has not been set)
210720194725.337 DEBUG 'ansible_navigator.main' Prior to rollback: playbook_artifact_enable = 'True' (bool/default configuration value)
210720194725.337 DEBUG 'ansible_navigator.main' Prior to rollback: playbook_artifact_replay = 'Constants.NOT_SET' (Constants/value has not been set)
210720194725.337 DEBUG 'ansible_navigator.main' Prior to rollback: playbook_artifact_save_as = '{playbook_dir}/{playbook_name}-artifact-{ts_utc}.json' (str/default configuration value)
210720194725.337 DEBUG 'ansible_navigator.main' Prior to rollback: plugin_name = 'Constants.NOT_SET' (Constants/value has not been set)
210720194725.337 DEBUG 'ansible_navigator.main' Prior to rollback: plugin_type = 'module' (str/default configuration value)
210720194725.337 DEBUG 'ansible_navigator.main' Prior to rollback: pull_policy = 'tag' (str/default configuration value)
210720194725.337 DEBUG 'ansible_navigator.main' Prior to rollback: set_environment_variable = 'Constants.NOT_SET' (Constants/value has not been set)
210720194725.337 DEBUG 'ansible_navigator.main' After rollback: ansible_runner_artifact_dir = 'Constants.NOT_SET' (Constants/value has not been set)
210720194725.338 DEBUG 'ansible_navigator.main' After rollback: ansible_runner_rotate_artifacts_count = 'Constants.NOT_SET' (Constants/value has not been set)
210720194725.338 DEBUG 'ansible_navigator.main' After rollback: ansible_runner_timeout = 'Constants.NOT_SET' (Constants/value has not been set)
210720194725.338 DEBUG 'ansible_navigator.main' After rollback: app = 'Constants.NOT_SET' (Constants/value has not been set)
210720194725.338 DEBUG 'ansible_navigator.main' After rollback: cmdline = 'Constants.NOT_SET' (Constants/value has not been set)
210720194725.338 DEBUG 'ansible_navigator.main' After rollback: collection_doc_cache_path = 'Constants.NOT_SET' (Constants/value has not been set)
210720194725.338 DEBUG 'ansible_navigator.main' After rollback: config = 'Constants.NOT_SET' (Constants/value has not been set)
210720194725.338 DEBUG 'ansible_navigator.main' After rollback: container_engine = 'Constants.NOT_SET' (Constants/value has not been set)
210720194725.338 DEBUG 'ansible_navigator.main' After rollback: display_color = 'Constants.NOT_SET' (Constants/value has not been set)
210720194725.338 DEBUG 'ansible_navigator.main' After rollback: editor_command = 'Constants.NOT_SET' (Constants/value has not been set)
210720194725.338 DEBUG 'ansible_navigator.main' After rollback: editor_console = 'Constants.NOT_SET' (Constants/value has not been set)
210720194725.338 DEBUG 'ansible_navigator.main' After rollback: execution_environment = 'Constants.NOT_SET' (Constants/value has not been set)
210720194725.338 DEBUG 'ansible_navigator.main' After rollback: execution_environment_image = 'Constants.NOT_SET' (Constants/value has not been set)
210720194725.338 DEBUG 'ansible_navigator.main' After rollback: execution_environment_volume_mounts = 'Constants.NOT_SET' (Constants/value has not been set)
210720194725.338 DEBUG 'ansible_navigator.main' After rollback: help_config = 'Constants.NOT_SET' (Constants/value has not been set)
210720194725.338 DEBUG 'ansible_navigator.main' After rollback: help_doc = 'Constants.NOT_SET' (Constants/value has not been set)
210720194725.338 DEBUG 'ansible_navigator.main' After rollback: help_inventory = 'Constants.NOT_SET' (Constants/value has not been set)
210720194725.338 DEBUG 'ansible_navigator.main' After rollback: help_playbook = 'Constants.NOT_SET' (Constants/value has not been set)
210720194725.338 DEBUG 'ansible_navigator.main' After rollback: inventory = 'Constants.NOT_SET' (Constants/value has not been set)
210720194725.338 DEBUG 'ansible_navigator.main' After rollback: inventory_column = 'Constants.NOT_SET' (Constants/value has not been set)
210720194725.338 DEBUG 'ansible_navigator.main' After rollback: log_append = 'Constants.NOT_SET' (Constants/value has not been set)
210720194725.338 DEBUG 'ansible_navigator.main' After rollback: log_file = 'Constants.NOT_SET' (Constants/value has not been set)
210720194725.339 DEBUG 'ansible_navigator.main' After rollback: log_level = 'Constants.NOT_SET' (Constants/value has not been set)
210720194725.339 DEBUG 'ansible_navigator.main' After rollback: mode = 'Constants.NOT_SET' (Constants/value has not been set)
210720194725.339 DEBUG 'ansible_navigator.main' After rollback: osc4 = 'Constants.NOT_SET' (Constants/value has not been set)
210720194725.339 DEBUG 'ansible_navigator.main' After rollback: pass_environment_variable = 'Constants.NOT_SET' (Constants/value has not been set)
210720194725.339 DEBUG 'ansible_navigator.main' After rollback: playbook = 'Constants.NOT_SET' (Constants/value has not been set)
210720194725.339 DEBUG 'ansible_navigator.main' After rollback: playbook_artifact_enable = 'Constants.NOT_SET' (Constants/value has not been set)
210720194725.339 DEBUG 'ansible_navigator.main' After rollback: playbook_artifact_replay = 'Constants.NOT_SET' (Constants/value has not been set)
210720194725.339 DEBUG 'ansible_navigator.main' After rollback: playbook_artifact_save_as = 'Constants.NOT_SET' (Constants/value has not been set)
210720194725.339 DEBUG 'ansible_navigator.main' After rollback: plugin_name = 'Constants.NOT_SET' (Constants/value has not been set)
210720194725.339 DEBUG 'ansible_navigator.main' After rollback: plugin_type = 'Constants.NOT_SET' (Constants/value has not been set)
210720194725.339 DEBUG 'ansible_navigator.main' After rollback: pull_policy = 'Constants.NOT_SET' (Constants/value has not been set)
210720194725.339 DEBUG 'ansible_navigator.main' After rollback: set_environment_variable = 'Constants.NOT_SET' (Constants/value has not been set)
210720194725.339 DEBUG 'ansible_navigator.main' Configuration rollback complete.
210720194725.339 ERROR 'ansible_navigator.main' Command provided: 'collections redhat.satellite'
210720194725.339 ERROR 'ansible_navigator.main' No container engine could be found: 'auto', set by 'default configuration value'
210720194725.339 INFO 'ansible_navigator.main' Try installing 'podman' or 'docker'
210720194725.339 ERROR 'ansible_navigator.main' Configuration failed, using default log file location: /home/sgallego/Desktop/RHTI/ansible-navigator.log. Log level set to debug
210720194725.339 INFO 'ansible_navigator.main' Review the hints and log file to see what went wrong: /home/sgallego/Desktop/RHTI/ansible-navigator.log
210720194856.739 WARNING 'ansible_navigator.image_manager.puller._log_message' Image inspection failed, image assumed to be corrupted or missing
210720194856.794 ERROR 'ansible_navigator.image_manager.puller._log_message' Execution environment pull failed
